

*******************************************************************************
Sun Feb 16 17:22:18 2025


FIT:    data read from "quickSort.CPUtimes" using 1:2
        format = x:z
        #datapoints = 6
        residuals are weighted equally (unit weight)

function used for fitting: y(x)
	y(x)=a*x*log(x) + b
fitted parameters initialized with current variable values

iter      chisq       delta/lim  lambda   a             b            
   0 2.7270560023e+14   0.00e+00  4.77e+06    1.000000e+00   1.000000e+00
  10 2.1355447372e+00  -1.09e-03  4.77e-04    5.171928e-06   3.248825e-01

After 10 iterations the fit converged.
final sum of squares of residuals : 2.13554
rel. change during last iteration : -1.09113e-09

degrees of freedom    (FIT_NDF)                        : 4
rms of residuals      (FIT_STDFIT) = sqrt(WSSR/ndf)    : 0.730675
variance of residuals (reduced chisquare) = WSSR/ndf   : 0.533886

Final set of parameters            Asymptotic Standard Error
=======================            ==========================
a               = 5.17193e-06      +/- 6.001e-08    (1.16%)
b               = 0.324883         +/- 0.4045       (124.5%)

correlation matrix of the fit parameters:
                a      b      
a               1.000 
b              -0.675  1.000 
